{"/home/sombra/frontend-project-46/bin/index.js": {"path":"/home/sombra/frontend-project-46/bin/index.js","statementMap":{"0":{"start":{"line":4,"column":16},"end":{"line":23,"column":1}},"1":{"start":{"line":5,"column":17},"end":{"line":5,"column":19}},"2":{"start":{"line":6,"column":19},"end":{"line":6,"column":64}},"3":{"start":{"line":7,"column":15},"end":{"line":7,"column":33}},"4":{"start":{"line":8,"column":2},"end":{"line":8,"column":19}},"5":{"start":{"line":9,"column":2},"end":{"line":20,"column":3}},"6":{"start":{"line":10,"column":4},"end":{"line":19,"column":5}},"7":{"start":{"line":11,"column":6},"end":{"line":11,"column":48}},"8":{"start":{"line":12,"column":11},"end":{"line":19,"column":5}},"9":{"start":{"line":13,"column":6},"end":{"line":13,"column":48}},"10":{"start":{"line":14,"column":11},"end":{"line":19,"column":5}},"11":{"start":{"line":15,"column":6},"end":{"line":15,"column":48}},"12":{"start":{"line":16,"column":6},"end":{"line":16,"column":48}},"13":{"start":{"line":18,"column":6},"end":{"line":18,"column":48}},"14":{"start":{"line":21,"column":2},"end":{"line":21,"column":21}},"15":{"start":{"line":22,"column":2},"end":{"line":22,"column":27}}},"fnMap":{"0":{"name":"(anonymous_0)","decl":{"start":{"line":4,"column":16},"end":{"line":4,"column":17}},"loc":{"start":{"line":4,"column":32},"end":{"line":23,"column":1}},"line":4}},"branchMap":{"0":{"loc":{"start":{"line":10,"column":4},"end":{"line":19,"column":5}},"type":"if","locations":[{"start":{"line":10,"column":4},"end":{"line":19,"column":5}},{"start":{"line":12,"column":11},"end":{"line":19,"column":5}}],"line":10},"1":{"loc":{"start":{"line":12,"column":11},"end":{"line":19,"column":5}},"type":"if","locations":[{"start":{"line":12,"column":11},"end":{"line":19,"column":5}},{"start":{"line":14,"column":11},"end":{"line":19,"column":5}}],"line":12},"2":{"loc":{"start":{"line":14,"column":11},"end":{"line":19,"column":5}},"type":"if","locations":[{"start":{"line":14,"column":11},"end":{"line":19,"column":5}},{"start":{"line":17,"column":11},"end":{"line":19,"column":5}}],"line":14}},"s":{"0":1,"1":1,"2":1,"3":1,"4":1,"5":1,"6":5,"7":1,"8":4,"9":2,"10":2,"11":1,"12":1,"13":1,"14":1,"15":1},"f":{"0":1},"b":{"0":[1,4],"1":[2,2],"2":[1,1]},"_coverageSchema":"1a1c01bbd47fc00a2c39e90264f33305004495a9","hash":"b4cef1f58441618a79695fc8b8832ff2a42de0e5"}
,"/home/sombra/frontend-project-46/src/parse.js": {"path":"/home/sombra/frontend-project-46/src/parse.js","statementMap":{"0":{"start":{"line":5,"column":19},"end":{"line":5,"column":49}},"1":{"start":{"line":6,"column":18},"end":{"line":6,"column":37}},"2":{"start":{"line":8,"column":23},"end":{"line":8,"column":89}},"3":{"start":{"line":8,"column":37},"end":{"line":8,"column":89}},"4":{"start":{"line":9,"column":17},"end":{"line":9,"column":81}},"5":{"start":{"line":9,"column":31},"end":{"line":9,"column":81}},"6":{"start":{"line":11,"column":20},"end":{"line":14,"column":1}},"7":{"start":{"line":12,"column":15},"end":{"line":12,"column":45}},"8":{"start":{"line":13,"column":2},"end":{"line":13,"column":14}}},"fnMap":{"0":{"name":"(anonymous_0)","decl":{"start":{"line":8,"column":23},"end":{"line":8,"column":24}},"loc":{"start":{"line":8,"column":37},"end":{"line":8,"column":89}},"line":8},"1":{"name":"(anonymous_1)","decl":{"start":{"line":9,"column":17},"end":{"line":9,"column":18}},"loc":{"start":{"line":9,"column":31},"end":{"line":9,"column":81}},"line":9},"2":{"name":"(anonymous_2)","decl":{"start":{"line":11,"column":20},"end":{"line":11,"column":21}},"loc":{"start":{"line":11,"column":34},"end":{"line":14,"column":1}},"line":11}},"branchMap":{},"s":{"0":1,"1":1,"2":1,"3":3,"4":1,"5":3,"6":1,"7":2,"8":2},"f":{"0":3,"1":3,"2":2},"b":{},"_coverageSchema":"1a1c01bbd47fc00a2c39e90264f33305004495a9","hash":"159edd89d39982fbb01854d4549fad7f5c263de7"}
}
