TN:
SF:bin/index.js
FN:4,(anonymous_0)
FNF:1
FNH:1
FNDA:1,(anonymous_0)
DA:4,1
DA:5,1
DA:6,1
DA:7,1
DA:8,1
DA:9,1
DA:10,5
DA:11,1
DA:12,4
DA:13,2
DA:14,2
DA:15,1
DA:16,1
DA:18,1
DA:21,1
DA:22,1
LF:16
LH:16
BRDA:10,0,0,1
BRDA:10,0,1,4
BRDA:12,1,0,2
BRDA:12,1,1,2
BRDA:14,2,0,1
BRDA:14,2,1,1
BRF:6
BRH:6
end_of_record
TN:
SF:src/parse.js
FN:8,(anonymous_0)
FN:9,(anonymous_1)
FN:11,(anonymous_2)
FNF:3
FNH:3
FNDA:3,(anonymous_0)
FNDA:3,(anonymous_1)
FNDA:2,(anonymous_2)
DA:5,1
DA:6,1
DA:8,3
DA:9,3
DA:11,1
DA:12,2
DA:13,2
LF:7
LH:7
BRF:0
BRH:0
end_of_record
